  64 bit Processing .\SimpleShlExt.idl
  SimpleShlExt.idl
  64 bit Processing C:\Program Files (x86)\Windows Kits\10\Include\10.0.17763.0\um\oaidl.idl
  oaidl.idl
  64 bit Processing C:\Program Files (x86)\Windows Kits\10\Include\10.0.17763.0\um\objidl.idl
  objidl.idl
  64 bit Processing C:\Program Files (x86)\Windows Kits\10\Include\10.0.17763.0\um\unknwn.idl
  unknwn.idl
  64 bit Processing C:\Program Files (x86)\Windows Kits\10\Include\10.0.17763.0\shared\wtypes.idl
  wtypes.idl
  64 bit Processing C:\Program Files (x86)\Windows Kits\10\Include\10.0.17763.0\shared\wtypesbase.idl
  wtypesbase.idl
  64 bit Processing C:\Program Files (x86)\Windows Kits\10\Include\10.0.17763.0\shared\basetsd.h
  basetsd.h
  64 bit Processing C:\Program Files (x86)\Windows Kits\10\Include\10.0.17763.0\shared\guiddef.h
  guiddef.h
  64 bit Processing C:\Program Files (x86)\Windows Kits\10\Include\10.0.17763.0\um\ocidl.idl
  ocidl.idl
  64 bit Processing C:\Program Files (x86)\Windows Kits\10\Include\10.0.17763.0\um\oleidl.idl
  oleidl.idl
  64 bit Processing C:\Program Files (x86)\Windows Kits\10\Include\10.0.17763.0\um\servprov.idl
  servprov.idl
  64 bit Processing C:\Program Files (x86)\Windows Kits\10\Include\10.0.17763.0\um\urlmon.idl
  urlmon.idl
  64 bit Processing C:\Program Files (x86)\Windows Kits\10\Include\10.0.17763.0\um\msxml.idl
  msxml.idl
  64 bit Processing C:\Program Files (x86)\Windows Kits\10\Include\10.0.17763.0\um\shobjidl.idl
  shobjidl.idl
  64 bit Processing C:\Program Files (x86)\Windows Kits\10\Include\10.0.17763.0\um\docobj.idl
  docobj.idl
  64 bit Processing C:\Program Files (x86)\Windows Kits\10\Include\10.0.17763.0\um\shtypes.idl
  shtypes.idl
  64 bit Processing C:\Program Files (x86)\Windows Kits\10\Include\10.0.17763.0\um\comcat.idl
  comcat.idl
  64 bit Processing C:\Program Files (x86)\Windows Kits\10\Include\10.0.17763.0\um\propidl.idl
  propidl.idl
  64 bit Processing C:\Program Files (x86)\Windows Kits\10\Include\10.0.17763.0\um\prsht.idl
  prsht.idl
  64 bit Processing C:\Program Files (x86)\Windows Kits\10\Include\10.0.17763.0\um\propsys.idl
  propsys.idl
  64 bit Processing C:\Program Files (x86)\Windows Kits\10\Include\10.0.17763.0\um\StructuredQueryCondition.idl
  StructuredQueryCondition.idl
  64 bit Processing C:\Program Files (x86)\Windows Kits\10\Include\10.0.17763.0\um\ObjectArray.idl
  ObjectArray.idl
  64 bit Processing C:\Program Files (x86)\Windows Kits\10\Include\10.0.17763.0\um\shobjidl_core.idl
  shobjidl_core.idl
  64 bit Processing C:\Program Files (x86)\Windows Kits\10\Include\10.0.17763.0\um\oaidl.acf
  oaidl.acf
  64 bit Processing C:\Program Files (x86)\Windows Kits\10\Include\10.0.17763.0\um\ocidl.acf
  ocidl.acf
  stdafx.cpp
  dllmain.cpp
  ShlExt.cpp
  SimpleShlExt.cpp
  코드를 생성하고 있습니다...
  SimpleShlExt_i.c
  xdlldata.c
     C:\Users\sdw\Desktop\SimpleShlExt\x64\Release\SimpleShlExt.lib 라이브러리 및 C:\Users\sdw\Desktop\SimpleShlExt\x64\Release\SimpleShlExt.exp 개체를 생성하고 있습니다.
  SimpleShlExt.vcxproj -> C:\Users\sdw\Desktop\SimpleShlExt\x64\Release\SimpleShlExt.dll
