c:\users\sdw\desktop\simpleshlext\simpleshlext\x64\release\simpleshlext.pch
c:\users\sdw\desktop\simpleshlext\simpleshlext\x64\release\vc141.pdb
c:\users\sdw\desktop\simpleshlext\simpleshlext\x64\release\stdafx.obj
c:\users\sdw\desktop\simpleshlext\simpleshlext\x64\release\dllmain.obj
c:\users\sdw\desktop\simpleshlext\simpleshlext\x64\release\simpleshlext.obj
c:\users\sdw\desktop\simpleshlext\simpleshlext\x64\release\shlext.obj
c:\users\sdw\desktop\simpleshlext\simpleshlext\x64\release\simpleshlext_i.obj
c:\users\sdw\desktop\simpleshlext\simpleshlext\x64\release\xdlldata.obj
c:\users\sdw\desktop\simpleshlext\x64\release\simpleshlext.dll
c:\users\sdw\desktop\simpleshlext\x64\release\simpleshlext.pdb
c:\users\sdw\desktop\simpleshlext\simpleshlext\x64\release\simpleshlext.tlb
c:\users\sdw\desktop\simpleshlext\simpleshlext\simpleshlext_p.c
c:\users\sdw\desktop\simpleshlext\simpleshlext\simpleshlext_i.c
c:\users\sdw\desktop\simpleshlext\simpleshlext\simpleshlext_i.h
c:\users\sdw\desktop\simpleshlext\simpleshlext\x64\release\simpleshlext.res
c:\users\sdw\desktop\simpleshlext\x64\release\simpleshlext.lib
c:\users\sdw\desktop\simpleshlext\x64\release\simpleshlext.exp
c:\users\sdw\desktop\simpleshlext\simpleshlext\x64\release\simpleshlext.tlog\cl.command.1.tlog
c:\users\sdw\desktop\simpleshlext\simpleshlext\x64\release\simpleshlext.tlog\cl.read.1.tlog
c:\users\sdw\desktop\simpleshlext\simpleshlext\x64\release\simpleshlext.tlog\cl.write.1.tlog
c:\users\sdw\desktop\simpleshlext\simpleshlext\x64\release\simpleshlext.tlog\link.command.1.tlog
c:\users\sdw\desktop\simpleshlext\simpleshlext\x64\release\simpleshlext.tlog\link.read.1.tlog
c:\users\sdw\desktop\simpleshlext\simpleshlext\x64\release\simpleshlext.tlog\link.write.1.tlog
c:\users\sdw\desktop\simpleshlext\simpleshlext\x64\release\simpleshlext.tlog\midl.command.1.tlog
c:\users\sdw\desktop\simpleshlext\simpleshlext\x64\release\simpleshlext.tlog\midl.read.1.tlog
c:\users\sdw\desktop\simpleshlext\simpleshlext\x64\release\simpleshlext.tlog\midl.write.1.tlog
c:\users\sdw\desktop\simpleshlext\simpleshlext\x64\release\simpleshlext.tlog\rc.command.1.tlog
c:\users\sdw\desktop\simpleshlext\simpleshlext\x64\release\simpleshlext.tlog\rc.read.1.tlog
c:\users\sdw\desktop\simpleshlext\simpleshlext\x64\release\simpleshlext.tlog\rc.write.1.tlog
c:\users\sdw\desktop\simpleshlext\simpleshlext\x64\release\simpleshlext.tlog\simpleshlext.write.1u.tlog
