c:\users\sdw\desktop\simpleshlext\simpleshlext\x64\debug\simpleshlext.pch
c:\users\sdw\desktop\simpleshlext\simpleshlext\x64\debug\vc141.pdb
c:\users\sdw\desktop\simpleshlext\simpleshlext\x64\debug\vc141.idb
c:\users\sdw\desktop\simpleshlext\simpleshlext\x64\debug\stdafx.obj
c:\users\sdw\desktop\simpleshlext\simpleshlext\x64\debug\dllmain.obj
c:\users\sdw\desktop\simpleshlext\simpleshlext\x64\debug\simpleshlext.obj
c:\users\sdw\desktop\simpleshlext\simpleshlext\x64\debug\shlext.obj
c:\users\sdw\desktop\simpleshlext\simpleshlext\x64\debug\simpleshlext_i.obj
c:\users\sdw\desktop\simpleshlext\simpleshlext\x64\debug\xdlldata.obj
c:\users\sdw\desktop\simpleshlext\x64\debug\simpleshlext.ilk
c:\users\sdw\desktop\simpleshlext\x64\debug\simpleshlext.dll
c:\users\sdw\desktop\simpleshlext\x64\debug\simpleshlext.pdb
c:\users\sdw\desktop\simpleshlext\simpleshlext\x64\debug\simpleshlext.tlb
c:\users\sdw\desktop\simpleshlext\simpleshlext\simpleshlext_p.c
c:\users\sdw\desktop\simpleshlext\simpleshlext\simpleshlext_i.c
c:\users\sdw\desktop\simpleshlext\simpleshlext\simpleshlext_i.h
c:\users\sdw\desktop\simpleshlext\simpleshlext\x64\debug\simpleshlext.res
c:\users\sdw\desktop\simpleshlext\x64\debug\simpleshlext.lib
c:\users\sdw\desktop\simpleshlext\x64\debug\simpleshlext.exp
c:\users\sdw\desktop\simpleshlext\simpleshlext\x64\debug\simpleshlext.tlog\cl.command.1.tlog
c:\users\sdw\desktop\simpleshlext\simpleshlext\x64\debug\simpleshlext.tlog\cl.read.1.tlog
c:\users\sdw\desktop\simpleshlext\simpleshlext\x64\debug\simpleshlext.tlog\cl.write.1.tlog
c:\users\sdw\desktop\simpleshlext\simpleshlext\x64\debug\simpleshlext.tlog\link.command.1.tlog
c:\users\sdw\desktop\simpleshlext\simpleshlext\x64\debug\simpleshlext.tlog\link.read.1.tlog
c:\users\sdw\desktop\simpleshlext\simpleshlext\x64\debug\simpleshlext.tlog\link.write.1.tlog
c:\users\sdw\desktop\simpleshlext\simpleshlext\x64\debug\simpleshlext.tlog\midl.command.1.tlog
c:\users\sdw\desktop\simpleshlext\simpleshlext\x64\debug\simpleshlext.tlog\midl.read.1.tlog
c:\users\sdw\desktop\simpleshlext\simpleshlext\x64\debug\simpleshlext.tlog\midl.write.1.tlog
c:\users\sdw\desktop\simpleshlext\simpleshlext\x64\debug\simpleshlext.tlog\rc.command.1.tlog
c:\users\sdw\desktop\simpleshlext\simpleshlext\x64\debug\simpleshlext.tlog\rc.read.1.tlog
c:\users\sdw\desktop\simpleshlext\simpleshlext\x64\debug\simpleshlext.tlog\rc.write.1.tlog
c:\users\sdw\desktop\simpleshlext\simpleshlext\x64\debug\simpleshlext.tlog\simpleshlext.write.1u.tlog
